c:\users\davel\desktop\referencia\opengltemplate extended\opengltemplate\x64\debug\vc143.pdb
c:\users\davel\desktop\referencia\opengltemplate extended\opengltemplate\x64\debug\vc143.idb
c:\users\davel\desktop\referencia\opengltemplate extended\opengltemplate\x64\debug\uimanager.obj
c:\users\davel\desktop\referencia\opengltemplate extended\opengltemplate\x64\debug\sphere.obj
c:\users\davel\desktop\referencia\opengltemplate extended\opengltemplate\x64\debug\scene.obj
c:\users\davel\desktop\referencia\opengltemplate extended\opengltemplate\x64\debug\pyramid.obj
c:\users\davel\desktop\referencia\opengltemplate extended\opengltemplate\x64\debug\object.obj
c:\users\davel\desktop\referencia\opengltemplate extended\opengltemplate\x64\debug\main.obj
c:\users\davel\desktop\referencia\opengltemplate extended\opengltemplate\x64\debug\grid.obj
c:\users\davel\desktop\referencia\opengltemplate extended\opengltemplate\x64\debug\gpuprogram.obj
c:\users\davel\desktop\referencia\opengltemplate extended\opengltemplate\x64\debug\geometry.obj
c:\users\davel\desktop\referencia\opengltemplate extended\opengltemplate\x64\debug\editorscene.obj
c:\users\davel\desktop\referencia\opengltemplate extended\opengltemplate\x64\debug\imgui_widgets.obj
c:\users\davel\desktop\referencia\opengltemplate extended\opengltemplate\x64\debug\imgui_tables.obj
c:\users\davel\desktop\referencia\opengltemplate extended\opengltemplate\x64\debug\imgui_impl_opengl3.obj
c:\users\davel\desktop\referencia\opengltemplate extended\opengltemplate\x64\debug\imgui_impl_glfw.obj
c:\users\davel\desktop\referencia\opengltemplate extended\opengltemplate\x64\debug\imgui_draw.obj
c:\users\davel\desktop\referencia\opengltemplate extended\opengltemplate\x64\debug\imgui_demo.obj
c:\users\davel\desktop\referencia\opengltemplate extended\opengltemplate\x64\debug\imgui.obj
c:\users\davel\desktop\referencia\opengltemplate extended\opengltemplate\x64\debug\cube.obj
c:\users\davel\desktop\referencia\opengltemplate extended\opengltemplate\x64\debug\camera.obj
c:\users\davel\desktop\referencia\opengltemplate extended\opengltemplate\x64\debug\glad.obj
c:\users\davel\desktop\referencia\opengltemplate extended\opengltemplate\x64\debug\ray.obj
c:\users\davel\desktop\referencia\opengltemplate extended\opengltemplate\x64\debug\material.obj
c:\users\davel\desktop\referencia\opengltemplate extended\opengltemplate\x64\debug\light.obj
c:\users\davel\desktop\referencia\opengltemplate extended\opengltemplate\x64\debug\intersectable.obj
c:\users\davel\desktop\referencia\opengltemplate extended\opengltemplate\x64\debug\hit.obj
c:\users\davel\desktop\referencia\opengltemplate\x64\debug\opengltemplate.exe
c:\users\davel\desktop\referencia\opengltemplate\x64\debug\opengltemplate.pdb
c:\users\davel\desktop\referencia\opengltemplate extended\x64\debug\opengltemplate.exe
c:\users\davel\desktop\referencia\opengltemplate extended\x64\debug\opengltemplate.pdb
c:\users\davel\desktop\referencia\opengltemplate\x64\debug\glfw3.dll
c:\users\davel\desktop\referencia\opengltemplate extended\opengltemplate\x64\debug\opengltemplate.ilk
c:\users\davel\desktop\referencia\opengltemplate extended\opengltemplate\x64\debug\renderable_object.obj
c:\users\davel\desktop\referencia\opengltemplate extended\opengltemplate\x64\debug\opengltemplate.tlog\cl.command.1.tlog
c:\users\davel\desktop\referencia\opengltemplate extended\opengltemplate\x64\debug\opengltemplate.tlog\cl.items.tlog
c:\users\davel\desktop\referencia\opengltemplate extended\opengltemplate\x64\debug\opengltemplate.tlog\cl.read.1.tlog
c:\users\davel\desktop\referencia\opengltemplate extended\opengltemplate\x64\debug\opengltemplate.tlog\cl.write.1.tlog
c:\users\davel\desktop\referencia\opengltemplate extended\opengltemplate\x64\debug\opengltemplate.tlog\link-cvtres.read.1.tlog
c:\users\davel\desktop\referencia\opengltemplate extended\opengltemplate\x64\debug\opengltemplate.tlog\link-cvtres.write.1.tlog
c:\users\davel\desktop\referencia\opengltemplate extended\opengltemplate\x64\debug\opengltemplate.tlog\link-rc.read.1.tlog
c:\users\davel\desktop\referencia\opengltemplate extended\opengltemplate\x64\debug\opengltemplate.tlog\link-rc.write.1.tlog
c:\users\davel\desktop\referencia\opengltemplate extended\opengltemplate\x64\debug\opengltemplate.tlog\link.21956-cvtres.read.1.tlog
c:\users\davel\desktop\referencia\opengltemplate extended\opengltemplate\x64\debug\opengltemplate.tlog\link.21956-cvtres.write.1.tlog
c:\users\davel\desktop\referencia\opengltemplate extended\opengltemplate\x64\debug\opengltemplate.tlog\link.21956-rc.read.1.tlog
c:\users\davel\desktop\referencia\opengltemplate extended\opengltemplate\x64\debug\opengltemplate.tlog\link.21956-rc.write.1.tlog
c:\users\davel\desktop\referencia\opengltemplate extended\opengltemplate\x64\debug\opengltemplate.tlog\link.21956.read.1.tlog
c:\users\davel\desktop\referencia\opengltemplate extended\opengltemplate\x64\debug\opengltemplate.tlog\link.21956.read.2.tlog
c:\users\davel\desktop\referencia\opengltemplate extended\opengltemplate\x64\debug\opengltemplate.tlog\link.21956.read.3.tlog
c:\users\davel\desktop\referencia\opengltemplate extended\opengltemplate\x64\debug\opengltemplate.tlog\link.21956.read.5.tlog
c:\users\davel\desktop\referencia\opengltemplate extended\opengltemplate\x64\debug\opengltemplate.tlog\link.21956.write.1.tlog
c:\users\davel\desktop\referencia\opengltemplate extended\opengltemplate\x64\debug\opengltemplate.tlog\link.command.1.tlog
c:\users\davel\desktop\referencia\opengltemplate extended\opengltemplate\x64\debug\opengltemplate.tlog\link.read.1.tlog
c:\users\davel\desktop\referencia\opengltemplate extended\opengltemplate\x64\debug\opengltemplate.tlog\link.read.2.tlog
c:\users\davel\desktop\referencia\opengltemplate extended\opengltemplate\x64\debug\opengltemplate.tlog\link.read.3.tlog
c:\users\davel\desktop\referencia\opengltemplate extended\opengltemplate\x64\debug\opengltemplate.tlog\link.read.4.tlog
c:\users\davel\desktop\referencia\opengltemplate extended\opengltemplate\x64\debug\opengltemplate.tlog\link.secondary.1.tlog
c:\users\davel\desktop\referencia\opengltemplate extended\opengltemplate\x64\debug\opengltemplate.tlog\link.write.1.tlog
c:\users\davel\desktop\referencia\opengltemplate extended\opengltemplate\x64\debug\opengltemplate.tlog\opengltemplate.write.1u.tlog
